D:\PROJECTS\MERGE_SORT\MERGE_SORT_UT\DEBUG\SOURCE.OBJ
D:\PROJECTS\MERGE_SORT\MERGE_SORT_UT\DEBUG\VC110.PDB
D:\PROJECTS\MERGE_SORT\DEBUG\MERGE_SORT_UT.ILK
D:\PROJECTS\MERGE_SORT\DEBUG\MERGE_SORT_UT.EXE
D:\PROJECTS\MERGE_SORT\DEBUG\MERGE_SORT_UT.PDB
D:\projects\merge_sort\merge_sort_ut\Debug\Source.obj
D:\projects\merge_sort\merge_sort_ut\Debug\cl.command.1.tlog
D:\projects\merge_sort\merge_sort_ut\Debug\CL.read.1.tlog
D:\projects\merge_sort\merge_sort_ut\Debug\CL.write.1.tlog
D:\projects\merge_sort\merge_sort_ut\Debug\link-cvtres.read.1.tlog
D:\projects\merge_sort\merge_sort_ut\Debug\link-cvtres.write.1.tlog
D:\projects\merge_sort\merge_sort_ut\Debug\link-rc.read.1.tlog
D:\projects\merge_sort\merge_sort_ut\Debug\link-rc.write.1.tlog
D:\projects\merge_sort\merge_sort_ut\Debug\link.command.1.tlog
D:\projects\merge_sort\merge_sort_ut\Debug\link.read.1.tlog
D:\projects\merge_sort\merge_sort_ut\Debug\link.write.1.tlog
D:\projects\merge_sort\merge_sort_ut\Debug\vc110.idb
D:\projects\merge_sort\merge_sort_ut\Debug\vc110.pdb
D:\projects\merge_sort\Debug\merge_sort_ut.pdb
D:\projects\merge_sort\Debug\merge_sort_ut.exe
D:\projects\merge_sort\Debug\merge_sort_ut.ilk
